[GIN-debug] [WARNING] Creating an Engine instance with the Logger and Recovery middleware already attached.

[GIN-debug] [WARNING] Running in "debug" mode. Switch to "release" mode in production.
 - using env:	export GIN_MODE=release
 - using code:	gin.SetMode(gin.ReleaseMode)

[GIN-debug] GET    /swagger/*any             --> github.com/swaggo/gin-swagger.CustomWrapHandler.func1 (3 handlers)
[GIN-debug] GET    /index                    --> goimdemo/service.Index (3 handlers)
[GIN-debug] POST   /login                    --> goimdemo/service.Login (3 handlers)
[GIN-debug] GET    /sendweb                  --> goimdemo/service.SendWeb (3 handlers)
[GIN-debug] GET    /user                     --> goimdemo/service.UserList (4 handlers)
[GIN-debug] POST   /user                     --> goimdemo/service.CreateUser (4 handlers)
[GIN-debug] DELETE /user                     --> goimdemo/service.DeleteUser (4 handlers)
[GIN-debug] PUT    /user                     --> goimdemo/service.UpdateUser (4 handlers)
[GIN-debug] [WARNING] You trusted all proxies, this is NOT safe. We recommend you to set a value.
Please check https://pkg.go.dev/github.com/gin-gonic/gin#readme-don-t-trust-all-proxies for details.
[GIN-debug] Environment variable PORT is undefined. Using port :8080 by default
[GIN-debug] Listening and serving HTTP on :8080
[GIN] 2023/02/25 - 00:04:56 | 200 |      6.4618ms |       127.0.0.1 | POST     "/login"
[GIN] 2023/02/25 - 00:05:04 | 200 |      4.4548ms |       127.0.0.1 | POST     "/login"
[GIN] 2023/02/25 - 00:05:09 | 200 |     5.282705s |       127.0.0.1 | GET      "/sendweb"
[GIN] 2023/02/25 - 00:05:14 | 200 |    18.514219s |       127.0.0.1 | GET      "/sendweb"
