[GIN-debug] [WARNING] Creating an Engine instance with the Logger and Recovery middleware already attached.

[GIN-debug] [WARNING] Running in "debug" mode. Switch to "release" mode in production.
 - using env:	export GIN_MODE=release
 - using code:	gin.SetMode(gin.ReleaseMode)

[GIN-debug] GET    /swagger/*any             --> github.com/swaggo/gin-swagger.CustomWrapHandler.func1 (3 handlers)
[GIN-debug] GET    /index                    --> goimdemo/service.Index (3 handlers)
[GIN-debug] POST   /login                    --> goimdemo/service.Login (3 handlers)
[GIN-debug] GET    /sendweb                  --> goimdemo/service.SendWeb (3 handlers)
[GIN-debug] GET    /user                     --> goimdemo/service.UserList (4 handlers)
[GIN-debug] POST   /user                     --> goimdemo/service.CreateUser (4 handlers)
[GIN-debug] DELETE /user                     --> goimdemo/service.DeleteUser (4 handlers)
[GIN-debug] PUT    /user                     --> goimdemo/service.UpdateUser (4 handlers)
[GIN-debug] [WARNING] You trusted all proxies, this is NOT safe. We recommend you to set a value.
Please check https://pkg.go.dev/github.com/gin-gonic/gin#readme-don-t-trust-all-proxies for details.
[GIN-debug] Environment variable PORT is undefined. Using port :8080 by default
[GIN-debug] Listening and serving HTTP on :8080
[GIN] 2023/02/24 - 01:07:02 | 200 |     10.8135ms |       127.0.0.1 | POST     "/login"
[GIN] 2023/02/24 - 01:08:33 | 200 |      7.8521ms |       127.0.0.1 | POST     "/login"
[GIN-debug] [WARNING] Creating an Engine instance with the Logger and Recovery middleware already attached.

[GIN-debug] [WARNING] Running in "debug" mode. Switch to "release" mode in production.
 - using env:	export GIN_MODE=release
 - using code:	gin.SetMode(gin.ReleaseMode)

[GIN-debug] GET    /swagger/*any             --> github.com/swaggo/gin-swagger.CustomWrapHandler.func1 (3 handlers)
[GIN-debug] GET    /index                    --> goimdemo/service.Index (3 handlers)
[GIN-debug] POST   /login                    --> goimdemo/service.Login (3 handlers)
[GIN-debug] GET    /sendweb                  --> goimdemo/service.SendWeb (3 handlers)
[GIN-debug] GET    /user                     --> goimdemo/service.UserList (4 handlers)
[GIN-debug] POST   /user                     --> goimdemo/service.CreateUser (4 handlers)
[GIN-debug] DELETE /user                     --> goimdemo/service.DeleteUser (4 handlers)
[GIN-debug] PUT    /user                     --> goimdemo/service.UpdateUser (4 handlers)
[GIN-debug] [WARNING] You trusted all proxies, this is NOT safe. We recommend you to set a value.
Please check https://pkg.go.dev/github.com/gin-gonic/gin#readme-don-t-trust-all-proxies for details.
[GIN-debug] Environment variable PORT is undefined. Using port :8080 by default
[GIN-debug] Listening and serving HTTP on :8080
[GIN] 2023/02/24 - 01:13:13 | 500 |      4.1137ms |       127.0.0.1 | GET      "/sendweb"
[GIN-debug] [WARNING] Creating an Engine instance with the Logger and Recovery middleware already attached.

[GIN-debug] [WARNING] Running in "debug" mode. Switch to "release" mode in production.
 - using env:	export GIN_MODE=release
 - using code:	gin.SetMode(gin.ReleaseMode)

[GIN-debug] GET    /swagger/*any             --> github.com/swaggo/gin-swagger.CustomWrapHandler.func1 (3 handlers)
[GIN-debug] GET    /index                    --> goimdemo/service.Index (3 handlers)
[GIN-debug] POST   /login                    --> goimdemo/service.Login (3 handlers)
[GIN-debug] GET    /sendweb                  --> goimdemo/service.SendWeb (3 handlers)
[GIN-debug] GET    /user                     --> goimdemo/service.UserList (4 handlers)
[GIN-debug] POST   /user                     --> goimdemo/service.CreateUser (4 handlers)
[GIN-debug] DELETE /user                     --> goimdemo/service.DeleteUser (4 handlers)
[GIN-debug] PUT    /user                     --> goimdemo/service.UpdateUser (4 handlers)
[GIN-debug] [WARNING] You trusted all proxies, this is NOT safe. We recommend you to set a value.
Please check https://pkg.go.dev/github.com/gin-gonic/gin#readme-don-t-trust-all-proxies for details.
[GIN-debug] Environment variable PORT is undefined. Using port :8080 by default
[GIN-debug] Listening and serving HTTP on :8080
[GIN] 2023/02/24 - 01:34:18 | 500 |      5.2688ms |       127.0.0.1 | GET      "/sendweb"
[GIN-debug] [WARNING] Creating an Engine instance with the Logger and Recovery middleware already attached.

[GIN-debug] [WARNING] Running in "debug" mode. Switch to "release" mode in production.
 - using env:	export GIN_MODE=release
 - using code:	gin.SetMode(gin.ReleaseMode)

[GIN-debug] GET    /swagger/*any             --> github.com/swaggo/gin-swagger.CustomWrapHandler.func1 (3 handlers)
[GIN-debug] GET    /index                    --> goimdemo/service.Index (3 handlers)
[GIN-debug] POST   /login                    --> goimdemo/service.Login (3 handlers)
[GIN-debug] GET    /sendweb                  --> goimdemo/service.SendWeb (3 handlers)
[GIN-debug] GET    /user                     --> goimdemo/service.UserList (4 handlers)
[GIN-debug] POST   /user                     --> goimdemo/service.CreateUser (4 handlers)
[GIN-debug] DELETE /user                     --> goimdemo/service.DeleteUser (4 handlers)
[GIN-debug] PUT    /user                     --> goimdemo/service.UpdateUser (4 handlers)
[GIN-debug] [WARNING] You trusted all proxies, this is NOT safe. We recommend you to set a value.
Please check https://pkg.go.dev/github.com/gin-gonic/gin#readme-don-t-trust-all-proxies for details.
[GIN-debug] Environment variable PORT is undefined. Using port :8080 by default
[GIN-debug] Listening and serving HTTP on :8080
[GIN] 2023/02/24 - 01:36:36 | 500 |      5.4111ms |       127.0.0.1 | GET      "/sendweb"
[GIN-debug] [WARNING] Creating an Engine instance with the Logger and Recovery middleware already attached.

[GIN-debug] [WARNING] Running in "debug" mode. Switch to "release" mode in production.
 - using env:	export GIN_MODE=release
 - using code:	gin.SetMode(gin.ReleaseMode)

[GIN-debug] GET    /swagger/*any             --> github.com/swaggo/gin-swagger.CustomWrapHandler.func1 (3 handlers)
[GIN-debug] GET    /index                    --> goimdemo/service.Index (3 handlers)
[GIN-debug] POST   /login                    --> goimdemo/service.Login (3 handlers)
[GIN-debug] GET    /sendweb                  --> goimdemo/service.SendWeb (3 handlers)
[GIN-debug] GET    /user                     --> goimdemo/service.UserList (4 handlers)
[GIN-debug] POST   /user                     --> goimdemo/service.CreateUser (4 handlers)
[GIN-debug] DELETE /user                     --> goimdemo/service.DeleteUser (4 handlers)
[GIN-debug] PUT    /user                     --> goimdemo/service.UpdateUser (4 handlers)
[GIN-debug] [WARNING] You trusted all proxies, this is NOT safe. We recommend you to set a value.
Please check https://pkg.go.dev/github.com/gin-gonic/gin#readme-don-t-trust-all-proxies for details.
[GIN-debug] Environment variable PORT is undefined. Using port :8080 by default
[GIN-debug] Listening and serving HTTP on :8080
[GIN] 2023/02/24 - 01:38:16 | 200 |      1.0476ms |       127.0.0.1 | GET      "/sendweb"
[GIN-debug] [WARNING] Creating an Engine instance with the Logger and Recovery middleware already attached.

[GIN-debug] [WARNING] Running in "debug" mode. Switch to "release" mode in production.
 - using env:	export GIN_MODE=release
 - using code:	gin.SetMode(gin.ReleaseMode)

[GIN-debug] GET    /swagger/*any             --> github.com/swaggo/gin-swagger.CustomWrapHandler.func1 (3 handlers)
[GIN-debug] GET    /index                    --> goimdemo/service.Index (3 handlers)
[GIN-debug] POST   /login                    --> goimdemo/service.Login (3 handlers)
[GIN-debug] GET    /sendweb                  --> goimdemo/service.SendWeb (3 handlers)
[GIN-debug] GET    /user                     --> goimdemo/service.UserList (4 handlers)
[GIN-debug] POST   /user                     --> goimdemo/service.CreateUser (4 handlers)
[GIN-debug] DELETE /user                     --> goimdemo/service.DeleteUser (4 handlers)
[GIN-debug] PUT    /user                     --> goimdemo/service.UpdateUser (4 handlers)
[GIN-debug] [WARNING] You trusted all proxies, this is NOT safe. We recommend you to set a value.
Please check https://pkg.go.dev/github.com/gin-gonic/gin#readme-don-t-trust-all-proxies for details.
[GIN-debug] Environment variable PORT is undefined. Using port :8080 by default
[GIN-debug] Listening and serving HTTP on :8080
[GIN] 2023/02/24 - 01:39:43 | 200 |      1.0496ms |       127.0.0.1 | GET      "/sendweb"
[GIN] 2023/02/24 - 01:41:14 | 200 |     10.6691ms |       127.0.0.1 | POST     "/login"
[GIN-debug] [WARNING] Creating an Engine instance with the Logger and Recovery middleware already attached.

[GIN-debug] [WARNING] Running in "debug" mode. Switch to "release" mode in production.
 - using env:	export GIN_MODE=release
 - using code:	gin.SetMode(gin.ReleaseMode)

[GIN-debug] GET    /swagger/*any             --> github.com/swaggo/gin-swagger.CustomWrapHandler.func1 (3 handlers)
[GIN-debug] GET    /index                    --> goimdemo/service.Index (3 handlers)
[GIN-debug] POST   /login                    --> goimdemo/service.Login (3 handlers)
[GIN-debug] GET    /sendweb                  --> goimdemo/service.SendWeb (3 handlers)
[GIN-debug] GET    /user                     --> goimdemo/service.UserList (4 handlers)
[GIN-debug] POST   /user                     --> goimdemo/service.CreateUser (4 handlers)
[GIN-debug] DELETE /user                     --> goimdemo/service.DeleteUser (4 handlers)
[GIN-debug] PUT    /user                     --> goimdemo/service.UpdateUser (4 handlers)
[GIN-debug] [WARNING] You trusted all proxies, this is NOT safe. We recommend you to set a value.
Please check https://pkg.go.dev/github.com/gin-gonic/gin#readme-don-t-trust-all-proxies for details.
[GIN-debug] Environment variable PORT is undefined. Using port :8080 by default
[GIN-debug] Listening and serving HTTP on :8080
[GIN] 2023/02/24 - 01:43:03 | 200 |      1.1206ms |       127.0.0.1 | GET      "/sendweb"
[GIN-debug] [WARNING] Creating an Engine instance with the Logger and Recovery middleware already attached.

[GIN-debug] [WARNING] Running in "debug" mode. Switch to "release" mode in production.
 - using env:	export GIN_MODE=release
 - using code:	gin.SetMode(gin.ReleaseMode)

[GIN-debug] GET    /swagger/*any             --> github.com/swaggo/gin-swagger.CustomWrapHandler.func1 (3 handlers)
[GIN-debug] GET    /index                    --> goimdemo/service.Index (3 handlers)
[GIN-debug] POST   /login                    --> goimdemo/service.Login (3 handlers)
[GIN-debug] GET    /sendweb                  --> goimdemo/service.SendWeb (3 handlers)
[GIN-debug] GET    /user                     --> goimdemo/service.UserList (4 handlers)
[GIN-debug] POST   /user                     --> goimdemo/service.CreateUser (4 handlers)
[GIN-debug] DELETE /user                     --> goimdemo/service.DeleteUser (4 handlers)
[GIN-debug] PUT    /user                     --> goimdemo/service.UpdateUser (4 handlers)
[GIN-debug] [WARNING] You trusted all proxies, this is NOT safe. We recommend you to set a value.
Please check https://pkg.go.dev/github.com/gin-gonic/gin#readme-don-t-trust-all-proxies for details.
[GIN-debug] Environment variable PORT is undefined. Using port :8080 by default
[GIN-debug] Listening and serving HTTP on :8080
[GIN] 2023/02/24 - 01:44:01 | 200 |       731.4µs |       127.0.0.1 | GET      "/sendweb"
[GIN] 2023/02/24 - 01:45:25 | 200 |      1.7547ms |       127.0.0.1 | GET      "/index"
[GIN] 2023/02/24 - 01:45:26 | 404 |            0s |       127.0.0.1 | GET      "/favicon.ico"
[GIN] 2023/02/24 - 01:45:29 | 200 |            0s |       127.0.0.1 | GET      "/swagger/index.html"
[GIN] 2023/02/24 - 01:45:29 | 200 |         211µs |       127.0.0.1 | GET      "/swagger/swagger-ui.css"
[GIN] 2023/02/24 - 01:45:29 | 200 |        28.6µs |       127.0.0.1 | GET      "/swagger/swagger-ui-standalone-preset.js"
[GIN] 2023/02/24 - 01:45:29 | 200 |      1.1073ms |       127.0.0.1 | GET      "/swagger/swagger-ui-bundle.js"
[GIN] 2023/02/24 - 01:45:30 | 200 |            0s |       127.0.0.1 | GET      "/swagger/doc.json"
[GIN] 2023/02/24 - 01:45:33 | 200 |      1.1294ms |       127.0.0.1 | GET      "/swagger/swagger-ui-standalone-preset.js.map"
[GIN] 2023/02/24 - 01:45:33 | 200 |       2.053ms |       127.0.0.1 | GET      "/swagger/swagger-ui-bundle.js.map"
[GIN] 2023/02/24 - 01:45:33 | 200 |      1.4925ms |       127.0.0.1 | GET      "/swagger/swagger-ui.css.map"
[GIN-debug] [WARNING] Creating an Engine instance with the Logger and Recovery middleware already attached.

[GIN-debug] [WARNING] Running in "debug" mode. Switch to "release" mode in production.
 - using env:	export GIN_MODE=release
 - using code:	gin.SetMode(gin.ReleaseMode)

[GIN-debug] GET    /swagger/*any             --> github.com/swaggo/gin-swagger.CustomWrapHandler.func1 (3 handlers)
[GIN-debug] GET    /index                    --> goimdemo/service.Index (3 handlers)
[GIN-debug] POST   /login                    --> goimdemo/service.Login (3 handlers)
[GIN-debug] GET    /sendweb                  --> goimdemo/service.SendWeb (3 handlers)
[GIN-debug] GET    /user                     --> goimdemo/service.UserList (4 handlers)
[GIN-debug] POST   /user                     --> goimdemo/service.CreateUser (4 handlers)
[GIN-debug] DELETE /user                     --> goimdemo/service.DeleteUser (4 handlers)
[GIN-debug] PUT    /user                     --> goimdemo/service.UpdateUser (4 handlers)
[GIN-debug] [WARNING] You trusted all proxies, this is NOT safe. We recommend you to set a value.
Please check https://pkg.go.dev/github.com/gin-gonic/gin#readme-don-t-trust-all-proxies for details.
[GIN-debug] Environment variable PORT is undefined. Using port :8080 by default
[GIN-debug] Listening and serving HTTP on :8080
[GIN] 2023/02/24 - 01:46:24 | 200 |      2.4694ms |       127.0.0.1 | GET      "/user"
[GIN-debug] [WARNING] Creating an Engine instance with the Logger and Recovery middleware already attached.

[GIN-debug] [WARNING] Running in "debug" mode. Switch to "release" mode in production.
 - using env:	export GIN_MODE=release
 - using code:	gin.SetMode(gin.ReleaseMode)

[GIN-debug] GET    /swagger/*any             --> github.com/swaggo/gin-swagger.CustomWrapHandler.func1 (3 handlers)
[GIN-debug] GET    /index                    --> goimdemo/service.Index (3 handlers)
[GIN-debug] POST   /login                    --> goimdemo/service.Login (3 handlers)
[GIN-debug] GET    /sendweb                  --> goimdemo/service.SendWeb (3 handlers)
[GIN-debug] GET    /user                     --> goimdemo/service.UserList (4 handlers)
[GIN-debug] POST   /user                     --> goimdemo/service.CreateUser (4 handlers)
[GIN-debug] DELETE /user                     --> goimdemo/service.DeleteUser (4 handlers)
[GIN-debug] PUT    /user                     --> goimdemo/service.UpdateUser (4 handlers)
[GIN-debug] [WARNING] You trusted all proxies, this is NOT safe. We recommend you to set a value.
Please check https://pkg.go.dev/github.com/gin-gonic/gin#readme-don-t-trust-all-proxies for details.
[GIN-debug] Environment variable PORT is undefined. Using port :8080 by default
[GIN-debug] Listening and serving HTTP on :8080
[GIN] 2023/02/24 - 01:47:35 | 200 |      6.5906ms |       127.0.0.1 | GET      "/user"
[GIN-debug] [WARNING] Creating an Engine instance with the Logger and Recovery middleware already attached.

[GIN-debug] [WARNING] Running in "debug" mode. Switch to "release" mode in production.
 - using env:	export GIN_MODE=release
 - using code:	gin.SetMode(gin.ReleaseMode)

[GIN-debug] GET    /swagger/*any             --> github.com/swaggo/gin-swagger.CustomWrapHandler.func1 (3 handlers)
[GIN-debug] GET    /index                    --> goimdemo/service.Index (3 handlers)
[GIN-debug] POST   /login                    --> goimdemo/service.Login (3 handlers)
[GIN-debug] GET    /sendweb                  --> goimdemo/service.SendWeb (3 handlers)
[GIN-debug] GET    /user                     --> goimdemo/service.UserList (4 handlers)
[GIN-debug] POST   /user                     --> goimdemo/service.CreateUser (4 handlers)
[GIN-debug] DELETE /user                     --> goimdemo/service.DeleteUser (4 handlers)
[GIN-debug] PUT    /user                     --> goimdemo/service.UpdateUser (4 handlers)
[GIN-debug] [WARNING] You trusted all proxies, this is NOT safe. We recommend you to set a value.
Please check https://pkg.go.dev/github.com/gin-gonic/gin#readme-don-t-trust-all-proxies for details.
[GIN-debug] Environment variable PORT is undefined. Using port :8080 by default
[GIN-debug] Listening and serving HTTP on :8080
[GIN] 2023/02/24 - 01:48:30 | 200 |      5.3489ms |       127.0.0.1 | GET      "/user"
[GIN-debug] [WARNING] Creating an Engine instance with the Logger and Recovery middleware already attached.

[GIN-debug] [WARNING] Running in "debug" mode. Switch to "release" mode in production.
 - using env:	export GIN_MODE=release
 - using code:	gin.SetMode(gin.ReleaseMode)

[GIN-debug] GET    /swagger/*any             --> github.com/swaggo/gin-swagger.CustomWrapHandler.func1 (3 handlers)
[GIN-debug] GET    /index                    --> goimdemo/service.Index (3 handlers)
[GIN-debug] POST   /login                    --> goimdemo/service.Login (3 handlers)
[GIN-debug] GET    /sendweb                  --> goimdemo/service.SendWeb (3 handlers)
[GIN-debug] GET    /user                     --> goimdemo/service.UserList (4 handlers)
[GIN-debug] POST   /user                     --> goimdemo/service.CreateUser (4 handlers)
[GIN-debug] DELETE /user                     --> goimdemo/service.DeleteUser (4 handlers)
[GIN-debug] PUT    /user                     --> goimdemo/service.UpdateUser (4 handlers)
[GIN-debug] [WARNING] You trusted all proxies, this is NOT safe. We recommend you to set a value.
Please check https://pkg.go.dev/github.com/gin-gonic/gin#readme-don-t-trust-all-proxies for details.
[GIN-debug] Environment variable PORT is undefined. Using port :8080 by default
[GIN-debug] Listening and serving HTTP on :8080
[GIN] 2023/02/24 - 01:50:05 | 200 |      1.1575ms |       127.0.0.1 | GET      "/sendweb"
[GIN-debug] [WARNING] Creating an Engine instance with the Logger and Recovery middleware already attached.

[GIN-debug] [WARNING] Running in "debug" mode. Switch to "release" mode in production.
 - using env:	export GIN_MODE=release
 - using code:	gin.SetMode(gin.ReleaseMode)

[GIN-debug] GET    /swagger/*any             --> github.com/swaggo/gin-swagger.CustomWrapHandler.func1 (3 handlers)
[GIN-debug] GET    /index                    --> goimdemo/service.Index (3 handlers)
[GIN-debug] POST   /login                    --> goimdemo/service.Login (3 handlers)
[GIN-debug] GET    /sendweb                  --> goimdemo/service.SendWeb (3 handlers)
[GIN-debug] GET    /user                     --> goimdemo/service.UserList (4 handlers)
[GIN-debug] POST   /user                     --> goimdemo/service.CreateUser (4 handlers)
[GIN-debug] DELETE /user                     --> goimdemo/service.DeleteUser (4 handlers)
[GIN-debug] PUT    /user                     --> goimdemo/service.UpdateUser (4 handlers)
[GIN-debug] [WARNING] You trusted all proxies, this is NOT safe. We recommend you to set a value.
Please check https://pkg.go.dev/github.com/gin-gonic/gin#readme-don-t-trust-all-proxies for details.
[GIN-debug] Environment variable PORT is undefined. Using port :8080 by default
[GIN-debug] Listening and serving HTTP on :8080
[GIN] 2023/02/24 - 01:59:00 | 200 |      4.0967ms |       127.0.0.1 | GET      "/user"
[GIN] 2023/02/24 - 01:59:02 | 200 |      1.0076ms |       127.0.0.1 | GET      "/swagger/index.html"
[GIN] 2023/02/24 - 01:59:02 | 200 |            0s |       127.0.0.1 | GET      "/swagger/swagger-ui.css"
[GIN] 2023/02/24 - 01:59:02 | 200 |       997.5µs |       127.0.0.1 | GET      "/swagger/swagger-ui-standalone-preset.js"
[GIN] 2023/02/24 - 01:59:02 | 200 |      2.9932ms |       127.0.0.1 | GET      "/swagger/swagger-ui-bundle.js"
[GIN] 2023/02/24 - 01:59:02 | 200 |       997.6µs |       127.0.0.1 | GET      "/swagger/swagger-ui.css.map"
[GIN] 2023/02/24 - 01:59:02 | 200 |      1.7443ms |       127.0.0.1 | GET      "/swagger/swagger-ui-bundle.js.map"
[GIN] 2023/02/24 - 01:59:02 | 200 |        81.4µs |       127.0.0.1 | GET      "/swagger/swagger-ui-standalone-preset.js.map"
[GIN] 2023/02/24 - 01:59:02 | 200 |       360.8µs |       127.0.0.1 | GET      "/swagger/doc.json"
[GIN] 2023/02/24 - 01:59:02 | 200 |            0s |       127.0.0.1 | GET      "/swagger/favicon-32x32.png"
[GIN] 2023/02/24 - 01:59:05 | 200 |      1.8185ms |       127.0.0.1 | GET      "/user"
[GIN] 2023/02/24 - 02:06:23 | 200 |            0s |       127.0.0.1 | GET      "/sendweb"
[GIN] 2023/02/24 - 02:07:03 | 200 |       506.3µs |       127.0.0.1 | GET      "/sendweb"
[GIN] 2023/02/24 - 02:07:44 | 200 |            0s |       127.0.0.1 | GET      "/sendweb"
[GIN] 2023/02/24 - 02:08:05 | 200 |       511.6µs |       127.0.0.1 | GET      "/sendweb"
[GIN] 2023/02/24 - 02:08:15 | 200 |       5.348ms |       127.0.0.1 | POST     "/login"
[GIN] 2023/02/24 - 02:08:15 | 200 |            0s |       127.0.0.1 | GET      "/sendweb"
[GIN] 2023/02/24 - 02:10:52 | 200 |      4.9968ms |       127.0.0.1 | POST     "/login"
[GIN] 2023/02/24 - 02:10:52 | 200 |            0s |       127.0.0.1 | GET      "/sendweb"
[GIN] 2023/02/24 - 02:11:12 | 200 |      6.4994ms |       127.0.0.1 | POST     "/login"
[GIN] 2023/02/24 - 02:11:12 | 200 |            0s |       127.0.0.1 | GET      "/sendweb"
[GIN-debug] [WARNING] Creating an Engine instance with the Logger and Recovery middleware already attached.

[GIN-debug] [WARNING] Running in "debug" mode. Switch to "release" mode in production.
 - using env:	export GIN_MODE=release
 - using code:	gin.SetMode(gin.ReleaseMode)

[GIN-debug] GET    /swagger/*any             --> github.com/swaggo/gin-swagger.CustomWrapHandler.func1 (3 handlers)
[GIN-debug] GET    /index                    --> goimdemo/service.Index (3 handlers)
[GIN-debug] POST   /login                    --> goimdemo/service.Login (3 handlers)
[GIN-debug] GET    /sendweb                  --> goimdemo/service.SendWeb (3 handlers)
[GIN-debug] GET    /user                     --> goimdemo/service.UserList (4 handlers)
[GIN-debug] POST   /user                     --> goimdemo/service.CreateUser (4 handlers)
[GIN-debug] DELETE /user                     --> goimdemo/service.DeleteUser (4 handlers)
[GIN-debug] PUT    /user                     --> goimdemo/service.UpdateUser (4 handlers)
[GIN-debug] [WARNING] You trusted all proxies, this is NOT safe. We recommend you to set a value.
Please check https://pkg.go.dev/github.com/gin-gonic/gin#readme-don-t-trust-all-proxies for details.
[GIN-debug] Environment variable PORT is undefined. Using port :8080 by default
[GIN-debug] Listening and serving HTTP on :8080
[GIN-debug] [WARNING] Creating an Engine instance with the Logger and Recovery middleware already attached.

[GIN-debug] [WARNING] Running in "debug" mode. Switch to "release" mode in production.
 - using env:	export GIN_MODE=release
 - using code:	gin.SetMode(gin.ReleaseMode)

[GIN-debug] GET    /swagger/*any             --> github.com/swaggo/gin-swagger.CustomWrapHandler.func1 (3 handlers)
[GIN-debug] GET    /index                    --> goimdemo/service.Index (3 handlers)
[GIN-debug] POST   /login                    --> goimdemo/service.Login (3 handlers)
[GIN-debug] GET    /sendweb                  --> goimdemo/service.SendWeb (3 handlers)
[GIN-debug] GET    /user                     --> goimdemo/service.UserList (4 handlers)
[GIN-debug] POST   /user                     --> goimdemo/service.CreateUser (4 handlers)
[GIN-debug] DELETE /user                     --> goimdemo/service.DeleteUser (4 handlers)
[GIN-debug] PUT    /user                     --> goimdemo/service.UpdateUser (4 handlers)
[GIN-debug] [WARNING] You trusted all proxies, this is NOT safe. We recommend you to set a value.
Please check https://pkg.go.dev/github.com/gin-gonic/gin#readme-don-t-trust-all-proxies for details.
[GIN-debug] Environment variable PORT is undefined. Using port :8080 by default
[GIN-debug] Listening and serving HTTP on :8080
[GIN] 2023/02/24 - 02:15:35 | 200 |      5.4115ms |       127.0.0.1 | POST     "/login"
[GIN] 2023/02/24 - 02:15:35 | 200 |      2.3899ms |       127.0.0.1 | GET      "/sendweb"
[GIN-debug] [WARNING] Creating an Engine instance with the Logger and Recovery middleware already attached.

[GIN-debug] [WARNING] Running in "debug" mode. Switch to "release" mode in production.
 - using env:	export GIN_MODE=release
 - using code:	gin.SetMode(gin.ReleaseMode)

[GIN-debug] GET    /swagger/*any             --> github.com/swaggo/gin-swagger.CustomWrapHandler.func1 (3 handlers)
[GIN-debug] GET    /index                    --> goimdemo/service.Index (3 handlers)
[GIN-debug] POST   /login                    --> goimdemo/service.Login (3 handlers)
[GIN-debug] GET    /sendweb                  --> goimdemo/service.SendWeb (3 handlers)
[GIN-debug] GET    /user                     --> goimdemo/service.UserList (4 handlers)
[GIN-debug] POST   /user                     --> goimdemo/service.CreateUser (4 handlers)
[GIN-debug] DELETE /user                     --> goimdemo/service.DeleteUser (4 handlers)
[GIN-debug] PUT    /user                     --> goimdemo/service.UpdateUser (4 handlers)
[GIN-debug] [WARNING] You trusted all proxies, this is NOT safe. We recommend you to set a value.
Please check https://pkg.go.dev/github.com/gin-gonic/gin#readme-don-t-trust-all-proxies for details.
[GIN-debug] Environment variable PORT is undefined. Using port :8080 by default
[GIN-debug] Listening and serving HTTP on :8080
[GIN] 2023/02/24 - 02:16:43 | 200 |      5.1507ms |       127.0.0.1 | POST     "/login"
[GIN] 2023/02/24 - 02:16:43 | 200 |      1.0976ms |       127.0.0.1 | GET      "/sendweb"
[GIN-debug] [WARNING] Creating an Engine instance with the Logger and Recovery middleware already attached.

[GIN-debug] [WARNING] Running in "debug" mode. Switch to "release" mode in production.
 - using env:	export GIN_MODE=release
 - using code:	gin.SetMode(gin.ReleaseMode)

[GIN-debug] GET    /swagger/*any             --> github.com/swaggo/gin-swagger.CustomWrapHandler.func1 (3 handlers)
[GIN-debug] GET    /index                    --> goimdemo/service.Index (3 handlers)
[GIN-debug] POST   /login                    --> goimdemo/service.Login (3 handlers)
[GIN-debug] GET    /sendweb                  --> goimdemo/service.SendWeb (3 handlers)
[GIN-debug] GET    /user                     --> goimdemo/service.UserList (4 handlers)
[GIN-debug] POST   /user                     --> goimdemo/service.CreateUser (4 handlers)
[GIN-debug] DELETE /user                     --> goimdemo/service.DeleteUser (4 handlers)
[GIN-debug] PUT    /user                     --> goimdemo/service.UpdateUser (4 handlers)
[GIN-debug] [WARNING] You trusted all proxies, this is NOT safe. We recommend you to set a value.
Please check https://pkg.go.dev/github.com/gin-gonic/gin#readme-don-t-trust-all-proxies for details.
[GIN-debug] Environment variable PORT is undefined. Using port :8080 by default
[GIN-debug] Listening and serving HTTP on :8080
[GIN] 2023/02/24 - 02:17:48 | 200 |      6.4519ms |       127.0.0.1 | POST     "/login"
[GIN] 2023/02/24 - 02:17:48 | 200 |      1.3665ms |       127.0.0.1 | GET      "/sendweb"
[GIN-debug] [WARNING] Creating an Engine instance with the Logger and Recovery middleware already attached.

[GIN-debug] [WARNING] Running in "debug" mode. Switch to "release" mode in production.
 - using env:	export GIN_MODE=release
 - using code:	gin.SetMode(gin.ReleaseMode)

[GIN-debug] GET    /swagger/*any             --> github.com/swaggo/gin-swagger.CustomWrapHandler.func1 (3 handlers)
[GIN-debug] GET    /index                    --> goimdemo/service.Index (3 handlers)
[GIN-debug] POST   /login                    --> goimdemo/service.Login (3 handlers)
[GIN-debug] GET    /sendweb                  --> goimdemo/service.SendWeb (3 handlers)
[GIN-debug] GET    /user                     --> goimdemo/service.UserList (4 handlers)
[GIN-debug] POST   /user                     --> goimdemo/service.CreateUser (4 handlers)
[GIN-debug] DELETE /user                     --> goimdemo/service.DeleteUser (4 handlers)
[GIN-debug] PUT    /user                     --> goimdemo/service.UpdateUser (4 handlers)
[GIN-debug] [WARNING] You trusted all proxies, this is NOT safe. We recommend you to set a value.
Please check https://pkg.go.dev/github.com/gin-gonic/gin#readme-don-t-trust-all-proxies for details.
[GIN-debug] Environment variable PORT is undefined. Using port :8080 by default
[GIN-debug] Listening and serving HTTP on :8080
[GIN] 2023/02/24 - 02:18:40 | 200 |      7.9285ms |       127.0.0.1 | POST     "/login"
[GIN] 2023/02/24 - 02:18:40 | 200 |      1.1215ms |       127.0.0.1 | GET      "/sendweb"
[GIN-debug] [WARNING] Creating an Engine instance with the Logger and Recovery middleware already attached.

[GIN-debug] [WARNING] Running in "debug" mode. Switch to "release" mode in production.
 - using env:	export GIN_MODE=release
 - using code:	gin.SetMode(gin.ReleaseMode)

[GIN-debug] GET    /swagger/*any             --> github.com/swaggo/gin-swagger.CustomWrapHandler.func1 (3 handlers)
[GIN-debug] GET    /index                    --> goimdemo/service.Index (3 handlers)
[GIN-debug] POST   /login                    --> goimdemo/service.Login (3 handlers)
[GIN-debug] GET    /sendweb                  --> goimdemo/service.SendWeb (3 handlers)
[GIN-debug] GET    /user                     --> goimdemo/service.UserList (4 handlers)
[GIN-debug] POST   /user                     --> goimdemo/service.CreateUser (4 handlers)
[GIN-debug] DELETE /user                     --> goimdemo/service.DeleteUser (4 handlers)
[GIN-debug] PUT    /user                     --> goimdemo/service.UpdateUser (4 handlers)
[GIN-debug] [WARNING] You trusted all proxies, this is NOT safe. We recommend you to set a value.
Please check https://pkg.go.dev/github.com/gin-gonic/gin#readme-don-t-trust-all-proxies for details.
[GIN-debug] Environment variable PORT is undefined. Using port :8080 by default
[GIN-debug] Listening and serving HTTP on :8080
[GIN] 2023/02/24 - 02:20:00 | 200 |      7.1165ms |       127.0.0.1 | POST     "/login"
[GIN] 2023/02/24 - 02:20:00 | 200 |      1.7528ms |       127.0.0.1 | GET      "/sendweb"
[GIN-debug] [WARNING] Creating an Engine instance with the Logger and Recovery middleware already attached.

[GIN-debug] [WARNING] Running in "debug" mode. Switch to "release" mode in production.
 - using env:	export GIN_MODE=release
 - using code:	gin.SetMode(gin.ReleaseMode)

[GIN-debug] GET    /swagger/*any             --> github.com/swaggo/gin-swagger.CustomWrapHandler.func1 (3 handlers)
[GIN-debug] GET    /index                    --> goimdemo/service.Index (3 handlers)
[GIN-debug] POST   /login                    --> goimdemo/service.Login (3 handlers)
[GIN-debug] GET    /sendweb                  --> goimdemo/service.SendWeb (3 handlers)
[GIN-debug] GET    /user                     --> goimdemo/service.UserList (4 handlers)
[GIN-debug] POST   /user                     --> goimdemo/service.CreateUser (4 handlers)
[GIN-debug] DELETE /user                     --> goimdemo/service.DeleteUser (4 handlers)
[GIN-debug] PUT    /user                     --> goimdemo/service.UpdateUser (4 handlers)
[GIN-debug] [WARNING] You trusted all proxies, this is NOT safe. We recommend you to set a value.
Please check https://pkg.go.dev/github.com/gin-gonic/gin#readme-don-t-trust-all-proxies for details.
[GIN-debug] Environment variable PORT is undefined. Using port :8080 by default
[GIN-debug] Listening and serving HTTP on :8080
[GIN] 2023/02/24 - 02:20:54 | 200 |      5.2172ms |       127.0.0.1 | POST     "/login"
[GIN] 2023/02/24 - 02:20:54 | 200 |      1.0879ms |       127.0.0.1 | GET      "/sendweb"
[GIN-debug] [WARNING] Creating an Engine instance with the Logger and Recovery middleware already attached.

[GIN-debug] [WARNING] Running in "debug" mode. Switch to "release" mode in production.
 - using env:	export GIN_MODE=release
 - using code:	gin.SetMode(gin.ReleaseMode)

[GIN-debug] GET    /swagger/*any             --> github.com/swaggo/gin-swagger.CustomWrapHandler.func1 (3 handlers)
[GIN-debug] GET    /index                    --> goimdemo/service.Index (3 handlers)
[GIN-debug] POST   /login                    --> goimdemo/service.Login (3 handlers)
[GIN-debug] GET    /sendweb                  --> goimdemo/service.SendWeb (3 handlers)
[GIN-debug] GET    /user                     --> goimdemo/service.UserList (4 handlers)
[GIN-debug] POST   /user                     --> goimdemo/service.CreateUser (4 handlers)
[GIN-debug] DELETE /user                     --> goimdemo/service.DeleteUser (4 handlers)
[GIN-debug] PUT    /user                     --> goimdemo/service.UpdateUser (4 handlers)
[GIN-debug] [WARNING] You trusted all proxies, this is NOT safe. We recommend you to set a value.
Please check https://pkg.go.dev/github.com/gin-gonic/gin#readme-don-t-trust-all-proxies for details.
[GIN-debug] Environment variable PORT is undefined. Using port :8080 by default
[GIN-debug] Listening and serving HTTP on :8080
[GIN-debug] [WARNING] Creating an Engine instance with the Logger and Recovery middleware already attached.

[GIN-debug] [WARNING] Running in "debug" mode. Switch to "release" mode in production.
 - using env:	export GIN_MODE=release
 - using code:	gin.SetMode(gin.ReleaseMode)

[GIN-debug] GET    /swagger/*any             --> github.com/swaggo/gin-swagger.CustomWrapHandler.func1 (3 handlers)
[GIN-debug] GET    /index                    --> goimdemo/service.Index (3 handlers)
[GIN-debug] POST   /login                    --> goimdemo/service.Login (3 handlers)
[GIN-debug] GET    /sendweb                  --> goimdemo/service.SendWeb (3 handlers)
[GIN-debug] GET    /user                     --> goimdemo/service.UserList (4 handlers)
[GIN-debug] POST   /user                     --> goimdemo/service.CreateUser (4 handlers)
[GIN-debug] DELETE /user                     --> goimdemo/service.DeleteUser (4 handlers)
[GIN-debug] PUT    /user                     --> goimdemo/service.UpdateUser (4 handlers)
[GIN-debug] [WARNING] You trusted all proxies, this is NOT safe. We recommend you to set a value.
Please check https://pkg.go.dev/github.com/gin-gonic/gin#readme-don-t-trust-all-proxies for details.
[GIN-debug] Environment variable PORT is undefined. Using port :8080 by default
[GIN-debug] Listening and serving HTTP on :8080
[GIN] 2023/02/24 - 02:22:16 | 200 |      5.3106ms |       127.0.0.1 | POST     "/login"
[GIN] 2023/02/24 - 02:22:16 | 200 |       1.524ms |       127.0.0.1 | GET      "/sendweb"
[GIN-debug] [WARNING] Creating an Engine instance with the Logger and Recovery middleware already attached.

[GIN-debug] [WARNING] Running in "debug" mode. Switch to "release" mode in production.
 - using env:	export GIN_MODE=release
 - using code:	gin.SetMode(gin.ReleaseMode)

[GIN-debug] GET    /swagger/*any             --> github.com/swaggo/gin-swagger.CustomWrapHandler.func1 (3 handlers)
[GIN-debug] GET    /index                    --> goimdemo/service.Index (3 handlers)
[GIN-debug] POST   /login                    --> goimdemo/service.Login (3 handlers)
[GIN-debug] GET    /sendweb                  --> goimdemo/service.SendWeb (3 handlers)
[GIN-debug] GET    /user                     --> goimdemo/service.UserList (4 handlers)
[GIN-debug] POST   /user                     --> goimdemo/service.CreateUser (4 handlers)
[GIN-debug] DELETE /user                     --> goimdemo/service.DeleteUser (4 handlers)
[GIN-debug] PUT    /user                     --> goimdemo/service.UpdateUser (4 handlers)
[GIN-debug] [WARNING] You trusted all proxies, this is NOT safe. We recommend you to set a value.
Please check https://pkg.go.dev/github.com/gin-gonic/gin#readme-don-t-trust-all-proxies for details.
[GIN-debug] Environment variable PORT is undefined. Using port :8080 by default
[GIN-debug] Listening and serving HTTP on :8080
[GIN] 2023/02/24 - 02:24:17 | 200 |      6.6522ms |       127.0.0.1 | POST     "/login"
[GIN] 2023/02/24 - 02:24:30 | 200 |      5.8367ms |       127.0.0.1 | POST     "/login"
[GIN-debug] [WARNING] Creating an Engine instance with the Logger and Recovery middleware already attached.

[GIN-debug] [WARNING] Running in "debug" mode. Switch to "release" mode in production.
 - using env:	export GIN_MODE=release
 - using code:	gin.SetMode(gin.ReleaseMode)

[GIN-debug] GET    /swagger/*any             --> github.com/swaggo/gin-swagger.CustomWrapHandler.func1 (3 handlers)
[GIN-debug] GET    /index                    --> goimdemo/service.Index (3 handlers)
[GIN-debug] POST   /login                    --> goimdemo/service.Login (3 handlers)
[GIN-debug] GET    /sendweb                  --> goimdemo/service.SendWeb (3 handlers)
[GIN-debug] GET    /user                     --> goimdemo/service.UserList (4 handlers)
[GIN-debug] POST   /user                     --> goimdemo/service.CreateUser (4 handlers)
[GIN-debug] DELETE /user                     --> goimdemo/service.DeleteUser (4 handlers)
[GIN-debug] PUT    /user                     --> goimdemo/service.UpdateUser (4 handlers)
[GIN-debug] [WARNING] You trusted all proxies, this is NOT safe. We recommend you to set a value.
Please check https://pkg.go.dev/github.com/gin-gonic/gin#readme-don-t-trust-all-proxies for details.
[GIN-debug] Environment variable PORT is undefined. Using port :8080 by default
[GIN-debug] Listening and serving HTTP on :8080
[GIN] 2023/02/24 - 02:28:03 | 200 |      5.6416ms |       127.0.0.1 | POST     "/login"
[GIN-debug] [WARNING] Creating an Engine instance with the Logger and Recovery middleware already attached.

[GIN-debug] [WARNING] Running in "debug" mode. Switch to "release" mode in production.
 - using env:	export GIN_MODE=release
 - using code:	gin.SetMode(gin.ReleaseMode)

[GIN-debug] GET    /swagger/*any             --> github.com/swaggo/gin-swagger.CustomWrapHandler.func1 (3 handlers)
[GIN-debug] GET    /index                    --> goimdemo/service.Index (3 handlers)
[GIN-debug] POST   /login                    --> goimdemo/service.Login (3 handlers)
[GIN-debug] GET    /sendweb                  --> goimdemo/service.SendWeb (3 handlers)
[GIN-debug] GET    /user                     --> goimdemo/service.UserList (4 handlers)
[GIN-debug] POST   /user                     --> goimdemo/service.CreateUser (4 handlers)
[GIN-debug] DELETE /user                     --> goimdemo/service.DeleteUser (4 handlers)
[GIN-debug] PUT    /user                     --> goimdemo/service.UpdateUser (4 handlers)
[GIN-debug] [WARNING] You trusted all proxies, this is NOT safe. We recommend you to set a value.
Please check https://pkg.go.dev/github.com/gin-gonic/gin#readme-don-t-trust-all-proxies for details.
[GIN-debug] Environment variable PORT is undefined. Using port :8080 by default
[GIN-debug] Listening and serving HTTP on :8080
[GIN] 2023/02/24 - 02:29:09 | 200 |      4.6556ms |       127.0.0.1 | POST     "/login"
[GIN-debug] [WARNING] Creating an Engine instance with the Logger and Recovery middleware already attached.

[GIN-debug] [WARNING] Running in "debug" mode. Switch to "release" mode in production.
 - using env:	export GIN_MODE=release
 - using code:	gin.SetMode(gin.ReleaseMode)

[GIN-debug] GET    /swagger/*any             --> github.com/swaggo/gin-swagger.CustomWrapHandler.func1 (3 handlers)
[GIN-debug] GET    /index                    --> goimdemo/service.Index (3 handlers)
[GIN-debug] POST   /login                    --> goimdemo/service.Login (3 handlers)
[GIN-debug] GET    /sendweb                  --> goimdemo/service.SendWeb (3 handlers)
[GIN-debug] GET    /user                     --> goimdemo/service.UserList (4 handlers)
[GIN-debug] POST   /user                     --> goimdemo/service.CreateUser (4 handlers)
[GIN-debug] DELETE /user                     --> goimdemo/service.DeleteUser (4 handlers)
[GIN-debug] PUT    /user                     --> goimdemo/service.UpdateUser (4 handlers)
[GIN-debug] [WARNING] You trusted all proxies, this is NOT safe. We recommend you to set a value.
Please check https://pkg.go.dev/github.com/gin-gonic/gin#readme-don-t-trust-all-proxies for details.
[GIN-debug] Environment variable PORT is undefined. Using port :8080 by default
[GIN-debug] Listening and serving HTTP on :8080
[GIN] 2023/02/24 - 02:30:29 | 200 |      6.0604ms |       127.0.0.1 | POST     "/login"
[GIN] 2023/02/24 - 02:30:41 | 200 |      6.5565ms |       127.0.0.1 | POST     "/login"
[GIN] 2023/02/24 - 02:30:52 | 200 |   11.2353354s |       127.0.0.1 | GET      "/sendweb"
[GIN] 2023/02/24 - 02:30:53 | 200 |    24.892873s |       127.0.0.1 | GET      "/sendweb"
[GIN-debug] [WARNING] Creating an Engine instance with the Logger and Recovery middleware already attached.

[GIN-debug] [WARNING] Running in "debug" mode. Switch to "release" mode in production.
 - using env:	export GIN_MODE=release
 - using code:	gin.SetMode(gin.ReleaseMode)

[GIN-debug] GET    /swagger/*any             --> github.com/swaggo/gin-swagger.CustomWrapHandler.func1 (3 handlers)
[GIN-debug] GET    /index                    --> goimdemo/service.Index (3 handlers)
[GIN-debug] POST   /login                    --> goimdemo/service.Login (3 handlers)
[GIN-debug] GET    /sendweb                  --> goimdemo/service.SendWeb (3 handlers)
[GIN-debug] GET    /user                     --> goimdemo/service.UserList (4 handlers)
[GIN-debug] POST   /user                     --> goimdemo/service.CreateUser (4 handlers)
[GIN-debug] DELETE /user                     --> goimdemo/service.DeleteUser (4 handlers)
[GIN-debug] PUT    /user                     --> goimdemo/service.UpdateUser (4 handlers)
[GIN-debug] [WARNING] You trusted all proxies, this is NOT safe. We recommend you to set a value.
Please check https://pkg.go.dev/github.com/gin-gonic/gin#readme-don-t-trust-all-proxies for details.
[GIN-debug] Environment variable PORT is undefined. Using port :8080 by default
[GIN-debug] Listening and serving HTTP on :8080
[GIN] 2023/02/24 - 02:45:41 | 200 |      6.5622ms |       127.0.0.1 | POST     "/login"
[GIN] 2023/02/24 - 02:45:56 | 200 |      4.4125ms |       127.0.0.1 | POST     "/login"
[GIN] 2023/02/24 - 02:46:10 | 200 |      5.7459ms |       127.0.0.1 | POST     "/login"
[GIN] 2023/02/24 - 02:46:21 | 200 |   10.9822159s |       127.0.0.1 | GET      "/sendweb"
[GIN] 2023/02/24 - 02:46:23 | 200 |   26.2697642s |       127.0.0.1 | GET      "/sendweb"
[GIN] 2023/02/24 - 02:47:04 | 200 |       7.493ms |       127.0.0.1 | POST     "/login"
[GIN] 2023/02/24 - 02:47:08 | 200 |      4.6119ms |       127.0.0.1 | POST     "/login"
[GIN] 2023/02/24 - 02:47:32 | 200 |    24.304743s |       127.0.0.1 | GET      "/sendweb"
[GIN] 2023/02/24 - 02:47:35 | 200 |   30.3797643s |       127.0.0.1 | GET      "/sendweb"
[GIN-debug] [WARNING] Creating an Engine instance with the Logger and Recovery middleware already attached.

[GIN-debug] [WARNING] Running in "debug" mode. Switch to "release" mode in production.
 - using env:	export GIN_MODE=release
 - using code:	gin.SetMode(gin.ReleaseMode)

[GIN-debug] GET    /swagger/*any             --> github.com/swaggo/gin-swagger.CustomWrapHandler.func1 (3 handlers)
[GIN-debug] GET    /index                    --> goimdemo/service.Index (3 handlers)
[GIN-debug] POST   /login                    --> goimdemo/service.Login (3 handlers)
[GIN-debug] GET    /sendweb                  --> goimdemo/service.SendWeb (3 handlers)
[GIN-debug] GET    /user                     --> goimdemo/service.UserList (4 handlers)
[GIN-debug] POST   /user                     --> goimdemo/service.CreateUser (4 handlers)
[GIN-debug] DELETE /user                     --> goimdemo/service.DeleteUser (4 handlers)
[GIN-debug] PUT    /user                     --> goimdemo/service.UpdateUser (4 handlers)
[GIN-debug] [WARNING] You trusted all proxies, this is NOT safe. We recommend you to set a value.
Please check https://pkg.go.dev/github.com/gin-gonic/gin#readme-don-t-trust-all-proxies for details.
[GIN-debug] Environment variable PORT is undefined. Using port :8080 by default
[GIN-debug] Listening and serving HTTP on :8080
[GIN] 2023/02/24 - 03:02:35 | 200 |      6.4849ms |       127.0.0.1 | POST     "/login"
[GIN] 2023/02/24 - 03:02:38 | 200 |      4.7081ms |       127.0.0.1 | POST     "/login"
[GIN] 2023/02/24 - 03:02:49 | 200 |   10.7693356s |       127.0.0.1 | GET      "/sendweb"
[GIN] 2023/02/24 - 03:02:51 | 200 |   15.4986702s |       127.0.0.1 | GET      "/sendweb"
