{"level":"debug","time":"2023-02-24T01:38:16.610+0800","caller":"service/websocket.go:34","msg":"断点 eyJhbGciOiJIUzI1NiIsInR5cCI6IkpXVCJ9.eyJJRCI6MTYsIk5hbWUiOiJkZW1vMSIsInN1YiI6InRva2VuIiwiZXhwIjoxNjc3MTcyMTQyLCJpYXQiOjE2NzcxNzIwMjJ9.jodK5ApNxldOQDQ2G2RMOQSQwFdkTSnCpBp9STOU3GY"}
{"level":"debug","time":"2023-02-24T01:39:43.515+0800","caller":"service/websocket.go:34","msg":"断点 {0  {  [] <nil> <nil> <nil> }}"}
{"level":"debug","time":"2023-02-24T01:43:03.359+0800","caller":"service/websocket.go:34","msg":"断点 {0  {  [] <nil> <nil> <nil> }}"}
{"level":"debug","time":"2023-02-24T01:44:01.648+0800","caller":"service/websocket.go:34","msg":"断点 {0  {  [] <nil> <nil> <nil> }}"}
{"level":"debug","time":"2023-02-24T01:47:35.158+0800","caller":"service/token.go:36","msg":"token eyJhbGciOiJIUzI1NiIsInR5cCI6IkpXVCJ9.eyJJRCI6MTYsIk5hbWUiOiJkZW1vMSIsInN1YiI6InRva2VuIiwiZXhwIjoxNjc3MTc0MTk0LCJpYXQiOjE2NzcxNzQwNzR9.B33AJjrY5A5aOrrE2GedKYFW_QY_jndRWcaJG7rNr6o"}
{"level":"debug","time":"2023-02-24T01:48:30.432+0800","caller":"service/token.go:36","msg":"token eyJhbGciOiJIUzI1NiIsInR5cCI6IkpXVCJ9.eyJJRCI6MTYsIk5hbWUiOiJkZW1vMSIsInN1YiI6InRva2VuIiwiZXhwIjoxNjc3MTc0MTk0LCJpYXQiOjE2NzcxNzQwNzR9.B33AJjrY5A5aOrrE2GedKYFW_QY_jndRWcaJG7rNr6o"}
{"level":"debug","time":"2023-02-24T01:48:30.434+0800","caller":"service/token.go:38","msg":"tokenclient {16 demo1 { token [] 2023-02-24 01:43:14 +0800 CST <nil> 2023-02-24 01:41:14 +0800 CST }}"}
{"level":"debug","time":"2023-02-24T01:50:05.453+0800","caller":"service/token.go:36","msg":"token "}
{"level":"debug","time":"2023-02-24T01:50:05.454+0800","caller":"service/token.go:38","msg":"tokenclient {0  {  [] <nil> <nil> <nil> }}"}
{"level":"debug","time":"2023-02-24T01:50:05.454+0800","caller":"service/websocket.go:34","msg":"断点 {0  {  [] <nil> <nil> <nil> }}"}
{"level":"debug","time":"2023-02-24T01:59:00.454+0800","caller":"service/token.go:36","msg":"token eyJhbGciOiJIUzI1NiIsInR5cCI6IkpXVCJ9.eyJJRCI6MTYsIk5hbWUiOiJkZW1vMSIsInN1YiI6InRva2VuIiwiZXhwIjoxNjc3MTc0MTk0LCJpYXQiOjE2NzcxNzQwNzR9.B33AJjrY5A5aOrrE2GedKYFW_QY_jndRWcaJG7rNr6o"}
{"level":"debug","time":"2023-02-24T01:59:00.456+0800","caller":"service/token.go:38","msg":"tokenclient {16 demo1 { token [] 2023-02-24 01:43:14 +0800 CST <nil> 2023-02-24 01:41:14 +0800 CST }}"}
{"level":"debug","time":"2023-02-24T01:59:05.691+0800","caller":"service/token.go:36","msg":"token eyJhbGciOiJIUzI1NiIsInR5cCI6IkpXVCJ9.eyJJRCI6MTYsIk5hbWUiOiJkZW1vMSIsInN1YiI6InRva2VuIiwiZXhwIjoxNjc3MTc0MTk0LCJpYXQiOjE2NzcxNzQwNzR9.B33AJjrY5A5aOrrE2GedKYFW_QY_jndRWcaJG7rNr6o"}
{"level":"debug","time":"2023-02-24T01:59:05.692+0800","caller":"service/token.go:38","msg":"tokenclient {16 demo1 { token [] 2023-02-24 01:43:14 +0800 CST <nil> 2023-02-24 01:41:14 +0800 CST }}"}
{"level":"debug","time":"2023-02-24T02:06:23.567+0800","caller":"service/token.go:36","msg":"token "}
{"level":"debug","time":"2023-02-24T02:06:23.567+0800","caller":"service/token.go:38","msg":"tokenclient {0  {  [] <nil> <nil> <nil> }}"}
{"level":"debug","time":"2023-02-24T02:06:23.567+0800","caller":"service/websocket.go:34","msg":"断点 {0  {  [] <nil> <nil> <nil> }}"}
{"level":"debug","time":"2023-02-24T02:07:03.173+0800","caller":"service/token.go:36","msg":"token "}
{"level":"debug","time":"2023-02-24T02:07:03.173+0800","caller":"service/token.go:38","msg":"tokenclient {0  {  [] <nil> <nil> <nil> }}"}
{"level":"debug","time":"2023-02-24T02:07:03.174+0800","caller":"service/websocket.go:34","msg":"断点 {0  {  [] <nil> <nil> <nil> }}"}
{"level":"debug","time":"2023-02-24T02:07:44.365+0800","caller":"service/token.go:36","msg":"token "}
{"level":"debug","time":"2023-02-24T02:07:44.365+0800","caller":"service/token.go:38","msg":"tokenclient {0  {  [] <nil> <nil> <nil> }}"}
{"level":"debug","time":"2023-02-24T02:07:44.365+0800","caller":"service/websocket.go:34","msg":"断点 {0  {  [] <nil> <nil> <nil> }}"}
{"level":"debug","time":"2023-02-24T02:08:05.071+0800","caller":"service/token.go:36","msg":"token "}
{"level":"debug","time":"2023-02-24T02:08:05.072+0800","caller":"service/token.go:38","msg":"tokenclient {0  {  [] <nil> <nil> <nil> }}"}
{"level":"debug","time":"2023-02-24T02:08:05.072+0800","caller":"service/websocket.go:34","msg":"断点 {0  {  [] <nil> <nil> <nil> }}"}
{"level":"debug","time":"2023-02-24T02:08:15.663+0800","caller":"service/token.go:36","msg":"token "}
{"level":"debug","time":"2023-02-24T02:08:15.663+0800","caller":"service/token.go:38","msg":"tokenclient {0  {  [] <nil> <nil> <nil> }}"}
{"level":"debug","time":"2023-02-24T02:08:15.663+0800","caller":"service/websocket.go:34","msg":"断点 {0  {  [] <nil> <nil> <nil> }}"}
{"level":"debug","time":"2023-02-24T02:10:52.287+0800","caller":"service/token.go:36","msg":"token "}
{"level":"debug","time":"2023-02-24T02:10:52.287+0800","caller":"service/token.go:38","msg":"tokenclient {0  {  [] <nil> <nil> <nil> }}"}
{"level":"debug","time":"2023-02-24T02:10:52.287+0800","caller":"service/websocket.go:34","msg":"断点 {0  {  [] <nil> <nil> <nil> }}"}
{"level":"debug","time":"2023-02-24T02:11:12.874+0800","caller":"service/token.go:36","msg":"token "}
{"level":"debug","time":"2023-02-24T02:11:12.874+0800","caller":"service/token.go:38","msg":"tokenclient {0  {  [] <nil> <nil> <nil> }}"}
{"level":"debug","time":"2023-02-24T02:11:12.874+0800","caller":"service/websocket.go:34","msg":"断点 {0  {  [] <nil> <nil> <nil> }}"}
{"level":"debug","time":"2023-02-24T02:15:35.608+0800","caller":"service/token.go:35","msg":"token "}
{"level":"debug","time":"2023-02-24T02:15:35.609+0800","caller":"service/token.go:37","msg":"tokenclient {0  {  [] <nil> <nil> <nil> }}"}
{"level":"debug","time":"2023-02-24T02:15:35.609+0800","caller":"service/websocket.go:34","msg":"断点 {0  {  [] <nil> <nil> <nil> }}"}
{"level":"debug","time":"2023-02-24T02:16:43.666+0800","caller":"service/token.go:35","msg":"token "}
{"level":"debug","time":"2023-02-24T02:16:43.667+0800","caller":"service/token.go:37","msg":"tokenclient {0  {  [] <nil> <nil> <nil> }}"}
{"level":"debug","time":"2023-02-24T02:16:43.667+0800","caller":"service/websocket.go:34","msg":"断点 {0  {  [] <nil> <nil> <nil> }}"}
{"level":"debug","time":"2023-02-24T02:17:48.582+0800","caller":"service/token.go:35","msg":"token "}
{"level":"debug","time":"2023-02-24T02:17:48.582+0800","caller":"service/token.go:37","msg":"tokenclient {0  {  [] <nil> <nil> <nil> }}"}
{"level":"debug","time":"2023-02-24T02:17:48.583+0800","caller":"service/websocket.go:34","msg":"断点 {0  {  [] <nil> <nil> <nil> }}"}
{"level":"debug","time":"2023-02-24T02:17:48.583+0800","caller":"service/websocket.go:35","msg":"断点2 eyJhbGciOiJIUzI1NiIsInR5cCI6IkpXVCJ9.eyJJRCI6MTcsIk5hbWUiOiJkZW1vMiIsInN1YiI6InRva2VuIiwiZXhwIjoxNjc3MTc2Mzg4LCJpYXQiOjE2NzcxNzYyNjh9.3MBtizX3CspnLiQvvTB3lcv5j1hIwMovJkokxTdcHng"}
{"level":"debug","time":"2023-02-24T02:18:40.146+0800","caller":"service/token.go:27","msg":"断点3 "}
{"level":"debug","time":"2023-02-24T02:18:40.147+0800","caller":"service/token.go:29","msg":"断点4 "}
{"level":"debug","time":"2023-02-24T02:18:40.147+0800","caller":"service/token.go:37","msg":"token "}
{"level":"debug","time":"2023-02-24T02:18:40.147+0800","caller":"service/token.go:39","msg":"tokenclient {0  {  [] <nil> <nil> <nil> }}"}
{"level":"debug","time":"2023-02-24T02:18:40.147+0800","caller":"service/websocket.go:34","msg":"断点 {0  {  [] <nil> <nil> <nil> }}"}
{"level":"debug","time":"2023-02-24T02:18:40.147+0800","caller":"service/websocket.go:35","msg":"断点2 eyJhbGciOiJIUzI1NiIsInR5cCI6IkpXVCJ9.eyJJRCI6MTcsIk5hbWUiOiJkZW1vMiIsInN1YiI6InRva2VuIiwiZXhwIjoxNjc3MTc2NDQwLCJpYXQiOjE2NzcxNzYzMjB9.VrL6uGH5wqV00gQIWKCplscfSoiy2KvUPwTsiFkNTWw"}
{"level":"debug","time":"2023-02-24T02:20:00.238+0800","caller":"service/token.go:27","msg":"断点3 "}
{"level":"debug","time":"2023-02-24T02:20:00.240+0800","caller":"service/token.go:29","msg":"断点4 "}
{"level":"debug","time":"2023-02-24T02:20:00.240+0800","caller":"service/token.go:32","msg":"断点5 eyJhbGciOiJIUzI1NiIsInR5cCI6IkpXVCJ9.eyJJRCI6MTcsIk5hbWUiOiJkZW1vMiIsInN1YiI6InRva2VuIiwiZXhwIjoxNjc3MTc2NTIwLCJpYXQiOjE2NzcxNzY0MDB9.Q3aZ5bf4P6umTlHWWQAs54-nQOgoVivPcLa-xWEwWBg"}
{"level":"debug","time":"2023-02-24T02:20:00.240+0800","caller":"service/token.go:34","msg":"断点6 eyJhbGciOiJIUzI1NiIsInR5cCI6IkpXVCJ9.eyJJRCI6MTcsIk5hbWUiOiJkZW1vMiIsInN1YiI6InRva2VuIiwiZXhwIjoxNjc3MTc2NTIwLCJpYXQiOjE2NzcxNzY0MDB9.Q3aZ5bf4P6umTlHWWQAs54-nQOgoVivPcLa-xWEwWBg"}
{"level":"debug","time":"2023-02-24T02:20:00.240+0800","caller":"service/token.go:39","msg":"token "}
{"level":"debug","time":"2023-02-24T02:20:00.240+0800","caller":"service/token.go:41","msg":"tokenclient {0  {  [] <nil> <nil> <nil> }}"}
{"level":"debug","time":"2023-02-24T02:20:00.240+0800","caller":"service/websocket.go:34","msg":"断点 {0  {  [] <nil> <nil> <nil> }}"}
{"level":"debug","time":"2023-02-24T02:20:00.240+0800","caller":"service/websocket.go:35","msg":"断点2 eyJhbGciOiJIUzI1NiIsInR5cCI6IkpXVCJ9.eyJJRCI6MTcsIk5hbWUiOiJkZW1vMiIsInN1YiI6InRva2VuIiwiZXhwIjoxNjc3MTc2NTIwLCJpYXQiOjE2NzcxNzY0MDB9.Q3aZ5bf4P6umTlHWWQAs54-nQOgoVivPcLa-xWEwWBg"}
{"level":"debug","time":"2023-02-24T02:20:54.977+0800","caller":"service/token.go:27","msg":"断点3 "}
{"level":"debug","time":"2023-02-24T02:20:54.978+0800","caller":"service/token.go:29","msg":"断点4 "}
{"level":"debug","time":"2023-02-24T02:20:54.978+0800","caller":"service/token.go:32","msg":"断点5 eyJhbGciOiJIUzI1NiIsInR5cCI6IkpXVCJ9.eyJJRCI6MTcsIk5hbWUiOiJkZW1vMiIsInN1YiI6InRva2VuIiwiZXhwIjoxNjc3MTc2NTc0LCJpYXQiOjE2NzcxNzY0NTR9.f9wuccJzTZe7yBs5ENZRV5RMwlU9O9lQ7D1xIeOJkCQ"}
{"level":"debug","time":"2023-02-24T02:20:54.978+0800","caller":"service/token.go:34","msg":"断点6 eyJhbGciOiJIUzI1NiIsInR5cCI6IkpXVCJ9.eyJJRCI6MTcsIk5hbWUiOiJkZW1vMiIsInN1YiI6InRva2VuIiwiZXhwIjoxNjc3MTc2NTc0LCJpYXQiOjE2NzcxNzY0NTR9.f9wuccJzTZe7yBs5ENZRV5RMwlU9O9lQ7D1xIeOJkCQ"}
{"level":"debug","time":"2023-02-24T02:20:54.978+0800","caller":"service/token.go:39","msg":"token eyJhbGciOiJIUzI1NiIsInR5cCI6IkpXVCJ9.eyJJRCI6MTcsIk5hbWUiOiJkZW1vMiIsInN1YiI6InRva2VuIiwiZXhwIjoxNjc3MTc2NTc0LCJpYXQiOjE2NzcxNzY0NTR9.f9wuccJzTZe7yBs5ENZRV5RMwlU9O9lQ7D1xIeOJkCQ"}
{"level":"debug","time":"2023-02-24T02:20:54.978+0800","caller":"service/token.go:41","msg":"tokenclient {17 demo2 { token [] 2023-02-24 02:22:54 +0800 CST <nil> 2023-02-24 02:20:54 +0800 CST }}"}
{"level":"debug","time":"2023-02-24T02:20:54.978+0800","caller":"service/websocket.go:34","msg":"断点 {17 demo2 { token [] 2023-02-24 02:22:54 +0800 CST <nil> 2023-02-24 02:20:54 +0800 CST }}"}
{"level":"debug","time":"2023-02-24T02:20:54.978+0800","caller":"service/websocket.go:35","msg":"断点2 eyJhbGciOiJIUzI1NiIsInR5cCI6IkpXVCJ9.eyJJRCI6MTcsIk5hbWUiOiJkZW1vMiIsInN1YiI6InRva2VuIiwiZXhwIjoxNjc3MTc2NTc0LCJpYXQiOjE2NzcxNzY0NTR9.f9wuccJzTZe7yBs5ENZRV5RMwlU9O9lQ7D1xIeOJkCQ"}
{"level":"debug","time":"2023-02-24T02:22:16.947+0800","caller":"service/websocket.go:66","msg":"websocker common.GetGroupByUserId 不在区间内"}
{"level":"debug","time":"2023-02-24T02:24:17.868+0800","caller":"redis/subscribe.go:43","msg":"common.WriteMessage(msg.Payload) err invalid character '+' after top-level value"}
{"level":"debug","time":"2023-02-24T02:24:30.788+0800","caller":"redis/subscribe.go:43","msg":"common.WriteMessage(msg.Payload) err invalid character '+' after top-level value"}
{"level":"debug","time":"2023-02-24T02:28:03.874+0800","caller":"redis/subscribe.go:43","msg":"common.WriteMessage(msg.Payload) err json 错误"}
{"level":"debug","time":"2023-02-24T02:29:09.886+0800","caller":"redis/subscribe.go:43","msg":"common.WriteMessage(msg.Payload) err {\"FormId\":17,\"TargetId\":16,\"GroupId\":0,\"Type\":1,\"Media\":0,\"Content\":\"你好,很高兴认识你!\",\"Level\":0,\"Pic\":\"\",\"Url\":\"\",\"Desc\":\"\",\"Amount\":0}\n+1"}
{"level":"debug","time":"2023-02-24T02:30:29.038+0800","caller":"redis/subscribe.go:43","msg":"common.WriteMessage(msg.Payload) err invalid character '+' after top-level value"}
{"level":"debug","time":"2023-02-24T02:30:41.302+0800","caller":"redis/subscribe.go:43","msg":"common.WriteMessage(msg.Payload) err invalid character '+' after top-level value"}
{"level":"debug","time":"2023-02-24T02:30:52.536+0800","caller":"service/websocket.go:59","msg":"read: read tcp 127.0.0.1:8080->127.0.0.1:62435: wsarecv: An existing connection was forcibly closed by the remote host."}
{"level":"debug","time":"2023-02-24T02:30:53.928+0800","caller":"service/websocket.go:59","msg":"read: read tcp 127.0.0.1:8080->127.0.0.1:62423: wsarecv: An existing connection was forcibly closed by the remote host."}
{"level":"debug","time":"2023-02-24T02:46:21.327+0800","caller":"service/websocket.go:58","msg":"read: read tcp 127.0.0.1:8080->127.0.0.1:63152: wsarecv: An existing connection was forcibly closed by the remote host."}
{"level":"debug","time":"2023-02-24T02:46:23.151+0800","caller":"service/websocket.go:58","msg":"read: read tcp 127.0.0.1:8080->127.0.0.1:63140: wsarecv: An existing connection was forcibly closed by the remote host."}
{"level":"debug","time":"2023-02-24T02:47:32.942+0800","caller":"service/websocket.go:58","msg":"read: read tcp 127.0.0.1:8080->127.0.0.1:63206: wsarecv: An existing connection was forcibly closed by the remote host."}
{"level":"debug","time":"2023-02-24T02:47:35.086+0800","caller":"service/websocket.go:58","msg":"read: read tcp 127.0.0.1:8080->127.0.0.1:63200: wsarecv: An existing connection was forcibly closed by the remote host."}
{"level":"debug","time":"2023-02-24T03:02:49.583+0800","caller":"service/websocket.go:57","msg":"read: read tcp 127.0.0.1:8080->127.0.0.1:63896: wsarecv: An existing connection was forcibly closed by the remote host."}
{"level":"debug","time":"2023-02-24T03:02:51.287+0800","caller":"service/websocket.go:57","msg":"read: read tcp 127.0.0.1:8080->127.0.0.1:63891: wsarecv: An existing connection was forcibly closed by the remote host."}
