
2023/02/25 00:04:55 D:/data/golang-test/src/goimdemo/models/user_basic.go:58
[1.151ms] [rows:1] SELECT * FROM `user_basic` WHERE name = 'demo1' AND `user_basic`.`deleted_at` IS NULL ORDER BY `user_basic`.`id` LIMIT 1

2023/02/25 00:04:56 D:/data/golang-test/src/goimdemo/models/user_basic.go:52
[3.166ms] [rows:1] UPDATE `user_basic` SET `updated_at`='2023-02-24 16:04:55.998',`name`='demo1',`client_ip`='127.0.0.1',`login_time`='2023-02-24 16:04:55.994',`is_logout`=true,`device_info`='Go-http-client/1.1' WHERE `user_basic`.`deleted_at` IS NULL AND `id` = 16

2023/02/25 00:04:56 D:/data/golang-test/src/goimdemo/models/message.go:34
[4.386ms] [rows:1] INSERT INTO `message` (`created_at`,`updated_at`,`deleted_at`,`form_id`,`target_id`,`group_id`,`type`,`media`,`content`,`pic`,`url`,`desc`,`amount`) VALUES ('2023-02-24 16:04:56.038','2023-02-24 16:04:56.038',NULL,16,17,0,'1','0','你好,很高兴认识你!','','','',0)

2023/02/25 00:05:04 D:/data/golang-test/src/goimdemo/models/user_basic.go:58
[1.524ms] [rows:1] SELECT * FROM `user_basic` WHERE name = 'demo2' AND `user_basic`.`deleted_at` IS NULL ORDER BY `user_basic`.`id` LIMIT 1

2023/02/25 00:05:04 D:/data/golang-test/src/goimdemo/models/user_basic.go:52
[2.931ms] [rows:1] UPDATE `user_basic` SET `updated_at`='2023-02-24 16:05:04.213',`name`='demo2',`client_ip`='127.0.0.1',`login_time`='2023-02-24 16:05:04.211',`is_logout`=true,`device_info`='Go-http-client/1.1' WHERE `user_basic`.`deleted_at` IS NULL AND `id` = 17

2023/02/25 00:05:04 D:/data/golang-test/src/goimdemo/models/message.go:34
[2.863ms] [rows:1] INSERT INTO `message` (`created_at`,`updated_at`,`deleted_at`,`form_id`,`target_id`,`group_id`,`type`,`media`,`content`,`pic`,`url`,`desc`,`amount`) VALUES ('2023-02-24 16:05:04.236','2023-02-24 16:05:04.236',NULL,17,16,0,'1','0','你好,很高兴认识你!','','','',0)

2023/02/25 00:05:04 D:/data/golang-test/src/goimdemo/models/message.go:34
[3.424ms] [rows:1] INSERT INTO `message` (`created_at`,`updated_at`,`deleted_at`,`form_id`,`target_id`,`group_id`,`type`,`media`,`content`,`pic`,`url`,`desc`,`amount`) VALUES ('2023-02-24 16:05:04.239','2023-02-24 16:05:04.239',NULL,16,17,0,'1','0','你好,很高兴认识你!','','','',0)

2023/02/25 00:05:04 D:/data/golang-test/src/goimdemo/models/message.go:34
[1.101ms] [rows:1] INSERT INTO `message` (`created_at`,`updated_at`,`deleted_at`,`form_id`,`target_id`,`group_id`,`type`,`media`,`content`,`pic`,`url`,`desc`,`amount`) VALUES ('2023-02-24 16:05:04.242','2023-02-24 16:05:04.242',NULL,17,16,0,'1','0','你好,很高兴认识你!','','','',0)

2023/02/25 00:05:05 D:/data/golang-test/src/goimdemo/models/message.go:34
[3.852ms] [rows:1] INSERT INTO `message` (`created_at`,`updated_at`,`deleted_at`,`form_id`,`target_id`,`group_id`,`type`,`media`,`content`,`pic`,`url`,`desc`,`amount`) VALUES ('2023-02-24 16:05:05.247','2023-02-24 16:05:05.247',NULL,16,17,0,'1','0','你好,很高兴认识你!','','','',0)

2023/02/25 00:05:05 D:/data/golang-test/src/goimdemo/models/message.go:34
[4.361ms] [rows:1] INSERT INTO `message` (`created_at`,`updated_at`,`deleted_at`,`form_id`,`target_id`,`group_id`,`type`,`media`,`content`,`pic`,`url`,`desc`,`amount`) VALUES ('2023-02-24 16:05:05.249','2023-02-24 16:05:05.249',NULL,17,16,0,'1','0','你好,很高兴认识你!','','','',0)

2023/02/25 00:05:06 D:/data/golang-test/src/goimdemo/models/message.go:34
[1.813ms] [rows:1] INSERT INTO `message` (`created_at`,`updated_at`,`deleted_at`,`form_id`,`target_id`,`group_id`,`type`,`media`,`content`,`pic`,`url`,`desc`,`amount`) VALUES ('2023-02-24 16:05:06.231','2023-02-24 16:05:06.231',NULL,16,17,0,'1','0','你好,很高兴认识你!','','','',0)

2023/02/25 00:05:06 D:/data/golang-test/src/goimdemo/models/message.go:34
[1.666ms] [rows:1] INSERT INTO `message` (`created_at`,`updated_at`,`deleted_at`,`form_id`,`target_id`,`group_id`,`type`,`media`,`content`,`pic`,`url`,`desc`,`amount`) VALUES ('2023-02-24 16:05:06.234','2023-02-24 16:05:06.234',NULL,17,16,0,'1','0','你好,很高兴认识你!','','','',0)

2023/02/25 00:05:07 D:/data/golang-test/src/goimdemo/models/message.go:34
[3.378ms] [rows:1] INSERT INTO `message` (`created_at`,`updated_at`,`deleted_at`,`form_id`,`target_id`,`group_id`,`type`,`media`,`content`,`pic`,`url`,`desc`,`amount`) VALUES ('2023-02-24 16:05:07.248','2023-02-24 16:05:07.248',NULL,17,16,0,'1','0','你好,很高兴认识你!','','','',0)

2023/02/25 00:05:07 D:/data/golang-test/src/goimdemo/models/message.go:34
[2.729ms] [rows:1] INSERT INTO `message` (`created_at`,`updated_at`,`deleted_at`,`form_id`,`target_id`,`group_id`,`type`,`media`,`content`,`pic`,`url`,`desc`,`amount`) VALUES ('2023-02-24 16:05:07.249','2023-02-24 16:05:07.249',NULL,16,17,0,'1','0','你好,很高兴认识你!','','','',0)

2023/02/25 00:05:08 D:/data/golang-test/src/goimdemo/models/message.go:34
[4.102ms] [rows:1] INSERT INTO `message` (`created_at`,`updated_at`,`deleted_at`,`form_id`,`target_id`,`group_id`,`type`,`media`,`content`,`pic`,`url`,`desc`,`amount`) VALUES ('2023-02-24 16:05:08.258','2023-02-24 16:05:08.258',NULL,16,17,0,'1','0','你好,很高兴认识你!','','','',0)

2023/02/25 00:05:08 D:/data/golang-test/src/goimdemo/models/message.go:34
[1.275ms] [rows:1] INSERT INTO `message` (`created_at`,`updated_at`,`deleted_at`,`form_id`,`target_id`,`group_id`,`type`,`media`,`content`,`pic`,`url`,`desc`,`amount`) VALUES ('2023-02-24 16:05:08.261','2023-02-24 16:05:08.261',NULL,17,16,0,'1','0','你好,很高兴认识你!','','','',0)

2023/02/25 00:05:09 D:/data/golang-test/src/goimdemo/models/message.go:34
[3.246ms] [rows:1] INSERT INTO `message` (`created_at`,`updated_at`,`deleted_at`,`form_id`,`target_id`,`group_id`,`type`,`media`,`content`,`pic`,`url`,`desc`,`amount`) VALUES ('2023-02-24 16:05:09.262','2023-02-24 16:05:09.262',NULL,17,16,0,'1','0','你好,很高兴认识你!','','','',0)

2023/02/25 00:05:09 D:/data/golang-test/src/goimdemo/models/message.go:34
[1.863ms] [rows:1] INSERT INTO `message` (`created_at`,`updated_at`,`deleted_at`,`form_id`,`target_id`,`group_id`,`type`,`media`,`content`,`pic`,`url`,`desc`,`amount`) VALUES ('2023-02-24 16:05:09.263','2023-02-24 16:05:09.263',NULL,16,17,0,'1','0','你好,很高兴认识你!','','','',0)

2023/02/25 00:05:10 D:/data/golang-test/src/goimdemo/models/message.go:34
[1.589ms] [rows:1] INSERT INTO `message` (`created_at`,`updated_at`,`deleted_at`,`form_id`,`target_id`,`group_id`,`type`,`media`,`content`,`pic`,`url`,`desc`,`amount`) VALUES ('2023-02-24 16:05:10.261','2023-02-24 16:05:10.261',NULL,16,17,0,'1','0','你好,很高兴认识你!','','','',0)
